# JRE version: OpenJDK Runtime Environment (17.0.6) (build 17.0.6+0-b2043.56-10027231)
# Java VM: OpenJDK 64-Bit Server VM (17.0.6+0-b2043.56-10027231, mixed mode, tiered, compressed oops, compressed class ptrs, g1 gc, windows-amd64)
GC Precious Log:
 CPUs: 4 total, 4 available
 Memory: 8047M
 Large Page Support: Disabled
 NUMA Support: Disabled
 Compressed Oops: Enabled (32-bit)
 Heap Region Size: 1M
 Heap Min Capacity: 8M
 Heap Initial Capacity: 126M
 Heap Max Capacity: 1536M
 Pre-touch: Disabled
 Parallel Workers: 4
 Concurrent Workers: 1
 Concurrent Refinement Workers: 4
 Periodic GC: Disabled
Heap:
 garbage-first heap   total 132096K, used 93305K [0x00000000a0000000, 0x0000000100000000)
  region size 1024K, 24 young (24576K), 3 survivors (3072K)
 Metaspace       used 73933K, committed 74560K, reserved 1114112K
  class space    used 9657K, committed 9920K, reserved 1048576K
GC Heap History (20 events):
Event: 350.251 GC heap before
{Heap before GC invocations=37 (full 0):
 garbage-first heap   total 99328K, used 59935K [0x00000000a0000000, 0x0000000100000000)
  region size 1024K, 6 young (6144K), 3 survivors (3072K)
 Metaspace       used 66879K, committed 67456K, reserved 1114112K
  class space    used 8641K, committed 8896K, reserved 1048576K
}
Event: 350.294 GC heap after
{Heap after GC invocations=38 (full 0):
 garbage-first heap   total 99328K, used 58512K [0x00000000a0000000, 0x0000000100000000)
  region size 1024K, 2 young (2048K), 2 survivors (2048K)
 Metaspace       used 66879K, committed 67456K, reserved 1114112K
  class space    used 8641K, committed 8896K, reserved 1048576K
}
Event: 365.290 GC heap before
{Heap before GC invocations=39 (full 0):
 garbage-first heap   total 106496K, used 80016K [0x00000000a0000000, 0x0000000100000000)
  region size 1024K, 22 young (22528K), 2 survivors (2048K)
 Metaspace       used 68820K, committed 69376K, reserved 1114112K
  class space    used 8907K, committed 9152K, reserved 1048576K
}
Event: 365.344 GC heap after
{Heap after GC invocations=40 (full 0):
 garbage-first heap   total 106496K, used 59016K [0x00000000a0000000, 0x0000000100000000)
  region size 1024K, 2 young (2048K), 2 survivors (2048K)
 Metaspace       used 68820K, committed 69376K, reserved 1114112K
  class space    used 8907K, committed 9152K, reserved 1048576K
}
Event: 400.846 GC heap before
{Heap before GC invocations=40 (full 0):
 garbage-first heap   total 106496K, used 85640K [0x00000000a0000000, 0x0000000100000000)
  region size 1024K, 28 young (28672K), 2 survivors (2048K)
 Metaspace       used 70220K, committed 70720K, reserved 1114112K
  class space    used 9054K, committed 9280K, reserved 1048576K
}
Event: 401.051 GC heap after
{Heap after GC invocations=41 (full 0):
 garbage-first heap   total 106496K, used 60784K [0x00000000a0000000, 0x0000000100000000)
  region size 1024K, 3 young (3072K), 3 survivors (3072K)
 Metaspace       used 70220K, committed 70720K, reserved 1114112K
  class space    used 9054K, committed 9280K, reserved 1048576K
}
Event: 435.502 GC heap before
{Heap before GC invocations=42 (full 0):
 garbage-first heap   total 107520K, used 70000K [0x00000000a0000000, 0x0000000100000000)
  region size 1024K, 14 young (14336K), 3 survivors (3072K)
 Metaspace       used 70403K, committed 70912K, reserved 1114112K
  class space    used 9089K, committed 9280K, reserved 1048576K
}
Event: 435.916 GC heap after
{Heap after GC invocations=43 (full 0):
 garbage-first heap   total 107520K, used 61475K [0x00000000a0000000, 0x0000000100000000)
  region size 1024K, 3 young (3072K), 3 survivors (3072K)
 Metaspace       used 70403K, committed 70912K, reserved 1114112K
  class space    used 9089K, committed 9280K, reserved 1048576K
}
Event: 497.079 GC heap before
{Heap before GC invocations=44 (full 0):
 garbage-first heap   total 112640K, used 86051K [0x00000000a0000000, 0x0000000100000000)
  region size 1024K, 25 young (25600K), 3 survivors (3072K)
 Metaspace       used 70592K, committed 71104K, reserved 1114112K
  class space    used 9111K, committed 9344K, reserved 1048576K
}
Event: 497.251 GC heap after
{Heap after GC invocations=45 (full 0):
 garbage-first heap   total 112640K, used 68659K [0x00000000a0000000, 0x0000000100000000)
  region size 1024K, 4 young (4096K), 4 survivors (4096K)
 Metaspace       used 70592K, committed 71104K, reserved 1114112K
  class space    used 9111K, committed 9344K, reserved 1048576K
}
Event: 499.219 GC heap before
{Heap before GC invocations=45 (full 0):
 garbage-first heap   total 112640K, used 69683K [0x00000000a0000000, 0x0000000100000000)
  region size 1024K, 5 young (5120K), 4 survivors (4096K)
 Metaspace       used 70611K, committed 71104K, reserved 1114112K
  class space    used 9113K, committed 9344K, reserved 1048576K
}
Event: 499.233 GC heap after
{Heap after GC invocations=46 (full 0):
 garbage-first heap   total 112640K, used 69378K [0x00000000a0000000, 0x0000000100000000)
  region size 1024K, 1 young (1024K), 1 survivors (1024K)
 Metaspace       used 70611K, committed 71104K, reserved 1114112K
  class space    used 9113K, committed 9344K, reserved 1048576K
}
Event: 545.647 GC heap before
{Heap before GC invocations=46 (full 0):
 garbage-first heap   total 112640K, used 90882K [0x00000000a0000000, 0x0000000100000000)
  region size 1024K, 22 young (22528K), 1 survivors (1024K)
 Metaspace       used 71297K, committed 71872K, reserved 1114112K
  class space    used 9236K, committed 9472K, reserved 1048576K
}
Event: 545.848 GC heap after
{Heap after GC invocations=47 (full 0):
 garbage-first heap   total 112640K, used 70333K [0x00000000a0000000, 0x0000000100000000)
  region size 1024K, 2 young (2048K), 2 survivors (2048K)
 Metaspace       used 71297K, committed 71872K, reserved 1114112K
  class space    used 9236K, committed 9472K, reserved 1048576K
}
Event: 577.287 GC heap before
{Heap before GC invocations=48 (full 0):
 garbage-first heap   total 132096K, used 90813K [0x00000000a0000000, 0x0000000100000000)
  region size 1024K, 22 young (22528K), 2 survivors (2048K)
 Metaspace       used 72001K, committed 72576K, reserved 1114112K
  class space    used 9380K, committed 9600K, reserved 1048576K
}
Event: 577.415 GC heap after
{Heap after GC invocations=49 (full 0):
 garbage-first heap   total 132096K, used 70880K [0x00000000a0000000, 0x0000000100000000)
  region size 1024K, 2 young (2048K), 2 survivors (2048K)
 Metaspace       used 72001K, committed 72576K, reserved 1114112K
  class space    used 9380K, committed 9600K, reserved 1048576K
}
Event: 578.127 GC heap before
{Heap before GC invocations=49 (full 0):
 garbage-first heap   total 132096K, used 74976K [0x00000000a0000000, 0x0000000100000000)
  region size 1024K, 6 young (6144K), 2 survivors (2048K)
 Metaspace       used 72001K, committed 72576K, reserved 1114112K
  class space    used 9380K, committed 9600K, reserved 1048576K
}
Event: 578.193 GC heap after
{Heap after GC invocations=50 (full 0):
 garbage-first heap   total 132096K, used 70382K [0x00000000a0000000, 0x0000000100000000)
  region size 1024K, 1 young (1024K), 1 survivors (1024K)
 Metaspace       used 72001K, committed 72576K, reserved 1114112K
  class space    used 9380K, committed 9600K, reserved 1048576K
}
Event: 597.193 GC heap before
{Heap before GC invocations=50 (full 0):
 garbage-first heap   total 132096K, used 101102K [0x00000000a0000000, 0x0000000100000000)
  region size 1024K, 31 young (31744K), 1 survivors (1024K)
 Metaspace       used 72227K, committed 72832K, reserved 1114112K
  class space    used 9416K, committed 9664K, reserved 1048576K
}
Event: 597.341 GC heap after
{Heap after GC invocations=51 (full 0):
 garbage-first heap   total 132096K, used 72825K [0x00000000a0000000, 0x0000000100000000)
  region size 1024K, 3 young (3072K), 3 survivors (3072K)
 Metaspace       used 72227K, committed 72832K, reserved 1114112K
  class space    used 9416K, committed 9664K, reserved 1048576K
}

