# JRE version: OpenJDK Runtime Environment (17.0.6) (build 17.0.6+0-b2043.56-10027231)
# Java VM: OpenJDK 64-Bit Server VM (17.0.6+0-b2043.56-10027231, mixed mode, tiered, compressed oops, compressed class ptrs, g1 gc, windows-amd64)
GC Precious Log:
 CPUs: 4 total, 4 available
 Memory: 8047M
 Large Page Support: Disabled
 NUMA Support: Disabled
 Compressed Oops: Enabled (32-bit)
 Heap Region Size: 1M
 Heap Min Capacity: 8M
 Heap Initial Capacity: 126M
 Heap Max Capacity: 1536M
 Pre-touch: Disabled
 Parallel Workers: 4
 Concurrent Workers: 1
 Concurrent Refinement Workers: 4
 Periodic GC: Disabled
Heap:
 garbage-first heap   total 65536K, used 40495K [0x00000000a0000000, 0x0000000100000000)
  region size 1024K, 11 young (11264K), 3 survivors (3072K)
 Metaspace       used 49913K, committed 50304K, reserved 1097728K
  class space    used 6525K, committed 6720K, reserved 1048576K
GC Heap History (20 events):
Event: 195.555 GC heap before
{Heap before GC invocations=3 (full 0):
 garbage-first heap   total 129024K, used 57990K [0x00000000a0000000, 0x0000000100000000)
  region size 1024K, 48 young (49152K), 1 survivors (1024K)
 Metaspace       used 21327K, committed 21504K, reserved 1073152K
  class space    used 2578K, committed 2688K, reserved 1048576K
}
Event: 195.727 GC heap after
{Heap after GC invocations=4 (full 0):
 garbage-first heap   total 129024K, used 17245K [0x00000000a0000000, 0x0000000100000000)
  region size 1024K, 8 young (8192K), 8 survivors (8192K)
 Metaspace       used 21327K, committed 21504K, reserved 1073152K
  class space    used 2578K, committed 2688K, reserved 1048576K
}
Event: 212.226 GC heap before
{Heap before GC invocations=5 (full 0):
 garbage-first heap   total 65536K, used 47965K [0x00000000a0000000, 0x0000000100000000)
  region size 1024K, 38 young (38912K), 8 survivors (8192K)
 Metaspace       used 26304K, committed 26624K, reserved 1073152K
  class space    used 3433K, committed 3584K, reserved 1048576K
}
Event: 212.249 GC heap after
{Heap after GC invocations=6 (full 0):
 garbage-first heap   total 65536K, used 19529K [0x00000000a0000000, 0x0000000100000000)
  region size 1024K, 3 young (3072K), 3 survivors (3072K)
 Metaspace       used 26304K, committed 26624K, reserved 1073152K
  class space    used 3433K, committed 3584K, reserved 1048576K
}
Event: 225.683 GC heap before
{Heap before GC invocations=6 (full 0):
 garbage-first heap   total 65536K, used 45129K [0x00000000a0000000, 0x0000000100000000)
  region size 1024K, 28 young (28672K), 3 survivors (3072K)
 Metaspace       used 30312K, committed 30656K, reserved 1081344K
  class space    used 4074K, committed 4224K, reserved 1048576K
}
Event: 225.732 GC heap after
{Heap after GC invocations=7 (full 0):
 garbage-first heap   total 65536K, used 20559K [0x00000000a0000000, 0x0000000100000000)
  region size 1024K, 4 young (4096K), 4 survivors (4096K)
 Metaspace       used 30312K, committed 30656K, reserved 1081344K
  class space    used 4074K, committed 4224K, reserved 1048576K
}
Event: 245.862 GC heap before
{Heap before GC invocations=7 (full 0):
 garbage-first heap   total 65536K, used 46159K [0x00000000a0000000, 0x0000000100000000)
  region size 1024K, 30 young (30720K), 4 survivors (4096K)
 Metaspace       used 35644K, committed 35968K, reserved 1081344K
  class space    used 4700K, committed 4864K, reserved 1048576K
}
Event: 245.939 GC heap after
{Heap after GC invocations=8 (full 0):
 garbage-first heap   total 65536K, used 22782K [0x00000000a0000000, 0x0000000100000000)
  region size 1024K, 4 young (4096K), 4 survivors (4096K)
 Metaspace       used 35644K, committed 35968K, reserved 1081344K
  class space    used 4700K, committed 4864K, reserved 1048576K
}
Event: 260.602 GC heap before
{Heap before GC invocations=9 (full 0):
 garbage-first heap   total 65536K, used 47358K [0x00000000a0000000, 0x0000000100000000)
  region size 1024K, 29 young (29696K), 4 survivors (4096K)
 Metaspace       used 38686K, committed 39040K, reserved 1089536K
  class space    used 5067K, committed 5248K, reserved 1048576K
}
Event: 260.642 GC heap after
{Heap after GC invocations=10 (full 0):
 garbage-first heap   total 65536K, used 26001K [0x00000000a0000000, 0x0000000100000000)
  region size 1024K, 4 young (4096K), 4 survivors (4096K)
 Metaspace       used 38686K, committed 39040K, reserved 1089536K
  class space    used 5067K, committed 5248K, reserved 1048576K
}
Event: 293.457 GC heap before
{Heap before GC invocations=11 (full 0):
 garbage-first heap   total 65536K, used 50577K [0x00000000a0000000, 0x0000000100000000)
  region size 1024K, 26 young (26624K), 4 survivors (4096K)
 Metaspace       used 41477K, committed 41792K, reserved 1089536K
  class space    used 5384K, committed 5504K, reserved 1048576K
}
Event: 293.922 GC heap after
{Heap after GC invocations=12 (full 0):
 garbage-first heap   total 65536K, used 27153K [0x00000000a0000000, 0x0000000100000000)
  region size 1024K, 2 young (2048K), 2 survivors (2048K)
 Metaspace       used 41477K, committed 41792K, reserved 1089536K
  class space    used 5384K, committed 5504K, reserved 1048576K
}
Event: 325.240 GC heap before
{Heap before GC invocations=12 (full 0):
 garbage-first heap   total 65536K, used 49681K [0x00000000a0000000, 0x0000000100000000)
  region size 1024K, 24 young (24576K), 2 survivors (2048K)
 Metaspace       used 43690K, committed 44032K, reserved 1089536K
  class space    used 5733K, committed 5888K, reserved 1048576K
}
Event: 325.288 GC heap after
{Heap after GC invocations=13 (full 0):
 garbage-first heap   total 65536K, used 28918K [0x00000000a0000000, 0x0000000100000000)
  region size 1024K, 2 young (2048K), 2 survivors (2048K)
 Metaspace       used 43690K, committed 44032K, reserved 1089536K
  class space    used 5733K, committed 5888K, reserved 1048576K
}
Event: 343.506 GC heap before
{Heap before GC invocations=13 (full 0):
 garbage-first heap   total 65536K, used 50422K [0x00000000a0000000, 0x0000000100000000)
  region size 1024K, 23 young (23552K), 2 survivors (2048K)
 Metaspace       used 45948K, committed 46272K, reserved 1089536K
  class space    used 5984K, committed 6144K, reserved 1048576K
}
Event: 343.572 GC heap after
{Heap after GC invocations=14 (full 0):
 garbage-first heap   total 65536K, used 30688K [0x00000000a0000000, 0x0000000100000000)
  region size 1024K, 3 young (3072K), 3 survivors (3072K)
 Metaspace       used 45948K, committed 46272K, reserved 1089536K
  class space    used 5984K, committed 6144K, reserved 1048576K
}
Event: 357.845 GC heap before
{Heap before GC invocations=14 (full 0):
 garbage-first heap   total 65536K, used 51168K [0x00000000a0000000, 0x0000000100000000)
  region size 1024K, 23 young (23552K), 3 survivors (3072K)
 Metaspace       used 48341K, committed 48704K, reserved 1097728K
  class space    used 6352K, committed 6528K, reserved 1048576K
}
Event: 357.955 GC heap after
{Heap after GC invocations=15 (full 0):
 garbage-first heap   total 65536K, used 31876K [0x00000000a0000000, 0x0000000100000000)
  region size 1024K, 2 young (2048K), 2 survivors (2048K)
 Metaspace       used 48341K, committed 48704K, reserved 1097728K
  class space    used 6352K, committed 6528K, reserved 1048576K
}
Event: 387.047 GC heap before
{Heap before GC invocations=15 (full 0):
 garbage-first heap   total 65536K, used 51332K [0x00000000a0000000, 0x0000000100000000)
  region size 1024K, 21 young (21504K), 2 survivors (2048K)
 Metaspace       used 49801K, committed 50240K, reserved 1097728K
  class space    used 6507K, committed 6720K, reserved 1048576K
}
Event: 387.260 GC heap after
{Heap after GC invocations=16 (full 0):
 garbage-first heap   total 65536K, used 33327K [0x00000000a0000000, 0x0000000100000000)
  region size 1024K, 3 young (3072K), 3 survivors (3072K)
 Metaspace       used 49801K, committed 50240K, reserved 1097728K
  class space    used 6507K, committed 6720K, reserved 1048576K
}

